This file contains any messages produced by compilers while
running configure, to aid debugging if configure makes a mistake.

It was created by configure, which was
generated by GNU Autoconf 2.69.  Invocation command line was

  $ ./configure --prefix=/home/chenjd/Code/GIT/dmrgcc --enable-mkl --with-mkl-libdir=/opt/intel/mkl/intel64

## --------- ##
## Platform. ##
## --------- ##

hostname = localhost.localdomain
uname -m = x86_64
uname -r = 4.18.19-100.fc27.x86_64
uname -s = Linux
uname -v = #1 SMP Wed Nov 14 22:04:34 UTC 2018

/usr/bin/uname -p = x86_64
/bin/uname -X     = unknown

/bin/arch              = x86_64
/usr/bin/arch -k       = unknown
/usr/convex/getsysinfo = unknown
/usr/bin/hostinfo      = unknown
/bin/machine           = unknown
/usr/bin/oslevel       = unknown
/bin/universe          = unknown

PATH: /opt/intel/compilers_and_libraries_2018.1.163/linux/bin/intel64
PATH: /opt/intel/compilers_and_libraries_2018.1.163/linux/mpi/intel64/bin
PATH: /opt/intel/compilers_and_libraries_2018.1.163/linux/bin/intel64
PATH: /opt/intel/compilers_and_libraries_2018.1.163/linux/mpi/intel64/bin
PATH: /opt/intel/bin
PATH: /usr/local/bin
PATH: /usr/local/sbin
PATH: /usr/bin
PATH: /usr/sbin
PATH: /home/chenjd/bin
PATH: /usr/lib64/qt4/bin
PATH: /home/chenjd/texlive2017/bin/x86_64-linux
PATH: /home/chenjd/texlive2017/bin/x86_64-linux
PATH: /usr/local/MATLAB/R2014a/bin
PATH: /home/chenjd/.local/bin
PATH: /home/chenjd/bin
PATH: /home/chenjd/texlive2017/bin/x86_64-linux
PATH: /usr/local/MATLAB/R2014a/bin


## ----------- ##
## Core tests. ##
## ----------- ##

configure:2339: checking for a BSD-compatible install
configure:2407: result: /usr/bin/install -c
configure:2418: checking whether build environment is sane
configure:2473: result: yes
configure:2624: checking for a thread-safe mkdir -p
configure:2663: result: /usr/bin/mkdir -p
configure:2670: checking for gawk
configure:2686: found /usr/bin/gawk
configure:2697: result: gawk
configure:2708: checking whether make sets $(MAKE)
configure:2730: result: yes
configure:2759: checking whether make supports nested variables
configure:2776: result: yes
configure:2965: checking for g++
configure:2981: found /usr/bin/g++
configure:2992: result: g++
configure:3019: checking for C++ compiler version
configure:3028: g++ --version >&5
g++ (GCC) 7.3.1 20180712 (Red Hat 7.3.1-6)
Copyright (C) 2017 Free Software Foundation, Inc.
This is free software; see the source for copying conditions.  There is NO
warranty; not even for MERCHANTABILITY or FITNESS FOR A PARTICULAR PURPOSE.

configure:3039: $? = 0
configure:3028: g++ -v >&5
Using built-in specs.
COLLECT_GCC=g++
COLLECT_LTO_WRAPPER=/usr/libexec/gcc/x86_64-redhat-linux/7/lto-wrapper
OFFLOAD_TARGET_NAMES=nvptx-none
OFFLOAD_TARGET_DEFAULT=1
Target: x86_64-redhat-linux
Configured with: ../configure --enable-bootstrap --enable-languages=c,c++,objc,obj-c++,fortran,ada,go,lto --prefix=/usr --mandir=/usr/share/man --infodir=/usr/share/info --with-bugurl=http://bugzilla.redhat.com/bugzilla --enable-shared --enable-threads=posix --enable-checking=release --enable-multilib --with-system-zlib --enable-__cxa_atexit --disable-libunwind-exceptions --enable-gnu-unique-object --enable-linker-build-id --with-gcc-major-version-only --with-linker-hash-style=gnu --enable-plugin --enable-initfini-array --with-isl --enable-libmpx --enable-offload-targets=nvptx-none --without-cuda-driver --enable-gnu-indirect-function --with-tune=generic --with-arch_32=i686 --build=x86_64-redhat-linux
Thread model: posix
gcc version 7.3.1 20180712 (Red Hat 7.3.1-6) (GCC) 
configure:3039: $? = 0
configure:3028: g++ -V >&5
g++: error: unrecognized command line option '-V'
g++: fatal error: no input files
compilation terminated.
configure:3039: $? = 1
configure:3028: g++ -qversion >&5
g++: error: unrecognized command line option '-qversion'; did you mean '--version'?
g++: fatal error: no input files
compilation terminated.
configure:3039: $? = 1
configure:3059: checking whether the C++ compiler works
configure:3081: g++    conftest.cpp  >&5
configure:3085: $? = 0
configure:3133: result: yes
configure:3136: checking for C++ compiler default output file name
configure:3138: result: a.out
configure:3144: checking for suffix of executables
configure:3151: g++ -o conftest    conftest.cpp  >&5
configure:3155: $? = 0
configure:3177: result: 
configure:3199: checking whether we are cross compiling
configure:3207: g++ -o conftest    conftest.cpp  >&5
configure:3211: $? = 0
configure:3218: ./conftest
configure:3222: $? = 0
configure:3237: result: no
configure:3242: checking for suffix of object files
configure:3264: g++ -c   conftest.cpp >&5
configure:3268: $? = 0
configure:3289: result: o
configure:3293: checking whether we are using the GNU C++ compiler
configure:3312: g++ -c   conftest.cpp >&5
configure:3312: $? = 0
configure:3321: result: yes
configure:3330: checking whether g++ accepts -g
configure:3350: g++ -c -g  conftest.cpp >&5
configure:3350: $? = 0
configure:3391: result: yes
configure:3425: checking for style of include used by make
configure:3453: result: GNU
configure:3479: checking dependency style of g++
configure:3590: result: gcc3
configure:3653: checking for gcc
configure:3669: found /usr/bin/gcc
configure:3680: result: gcc
configure:3909: checking for C compiler version
configure:3918: gcc --version >&5
gcc (GCC) 7.3.1 20180712 (Red Hat 7.3.1-6)
Copyright (C) 2017 Free Software Foundation, Inc.
This is free software; see the source for copying conditions.  There is NO
warranty; not even for MERCHANTABILITY or FITNESS FOR A PARTICULAR PURPOSE.

configure:3929: $? = 0
configure:3918: gcc -v >&5
Using built-in specs.
COLLECT_GCC=gcc
COLLECT_LTO_WRAPPER=/usr/libexec/gcc/x86_64-redhat-linux/7/lto-wrapper
OFFLOAD_TARGET_NAMES=nvptx-none
OFFLOAD_TARGET_DEFAULT=1
Target: x86_64-redhat-linux
Configured with: ../configure --enable-bootstrap --enable-languages=c,c++,objc,obj-c++,fortran,ada,go,lto --prefix=/usr --mandir=/usr/share/man --infodir=/usr/share/info --with-bugurl=http://bugzilla.redhat.com/bugzilla --enable-shared --enable-threads=posix --enable-checking=release --enable-multilib --with-system-zlib --enable-__cxa_atexit --disable-libunwind-exceptions --enable-gnu-unique-object --enable-linker-build-id --with-gcc-major-version-only --with-linker-hash-style=gnu --enable-plugin --enable-initfini-array --with-isl --enable-libmpx --enable-offload-targets=nvptx-none --without-cuda-driver --enable-gnu-indirect-function --with-tune=generic --with-arch_32=i686 --build=x86_64-redhat-linux
Thread model: posix
gcc version 7.3.1 20180712 (Red Hat 7.3.1-6) (GCC) 
configure:3929: $? = 0
configure:3918: gcc -V >&5
gcc: error: unrecognized command line option '-V'
gcc: fatal error: no input files
compilation terminated.
configure:3929: $? = 1
configure:3918: gcc -qversion >&5
gcc: error: unrecognized command line option '-qversion'; did you mean '--version'?
gcc: fatal error: no input files
compilation terminated.
configure:3929: $? = 1
configure:3933: checking whether we are using the GNU C compiler
configure:3952: gcc -c   conftest.c >&5
configure:3952: $? = 0
configure:3961: result: yes
configure:3970: checking whether gcc accepts -g
configure:3990: gcc -c -g  conftest.c >&5
configure:3990: $? = 0
configure:4031: result: yes
configure:4048: checking for gcc option to accept ISO C89
configure:4111: gcc  -c -g -O2  conftest.c >&5
configure:4111: $? = 0
configure:4124: result: none needed
configure:4149: checking whether gcc understands -c and -o together
configure:4171: gcc -c conftest.c -o conftest2.o
configure:4174: $? = 0
configure:4171: gcc -c conftest.c -o conftest2.o
configure:4174: $? = 0
configure:4186: result: yes
configure:4205: checking dependency style of gcc
configure:4316: result: gcc3
configure:4331: checking whether make sets $(MAKE)
configure:4353: result: yes
configure:4405: checking for ranlib
configure:4421: found /usr/bin/ranlib
configure:4432: result: ranlib
configure:4458: checking for sin in -lm
configure:4483: gcc -o conftest -g -O2   conftest.c -lm   >&5
conftest.c:18:6: warning: conflicting types for built-in function 'sin' [-Wbuiltin-declaration-mismatch]
 char sin ();
      ^~~
configure:4483: $? = 0
configure:4492: result: yes
configure:4501: checking for pthread_create in -lpthread
configure:4526: gcc -o conftest -g -O2   conftest.c -lpthread   >&5
configure:4526: $? = 0
configure:4535: result: yes
configure:4552: checking how to run the C preprocessor
configure:4583: gcc -E  conftest.c
configure:4583: $? = 0
configure:4597: gcc -E  conftest.c
conftest.c:11:10: fatal error: ac_nonexistent.h: No such file or directory
 #include <ac_nonexistent.h>
          ^~~~~~~~~~~~~~~~~~
compilation terminated.
configure:4597: $? = 1
configure: failed program was:
| /* confdefs.h */
| #define PACKAGE_NAME ""
| #define PACKAGE_TARNAME ""
| #define PACKAGE_VERSION ""
| #define PACKAGE_STRING ""
| #define PACKAGE_BUGREPORT ""
| #define PACKAGE_URL ""
| #define PACKAGE "dmrgcc"
| #define VERSION "1.0"
| /* end confdefs.h.  */
| #include <ac_nonexistent.h>
configure:4622: result: gcc -E
configure:4642: gcc -E  conftest.c
configure:4642: $? = 0
configure:4656: gcc -E  conftest.c
conftest.c:11:10: fatal error: ac_nonexistent.h: No such file or directory
 #include <ac_nonexistent.h>
          ^~~~~~~~~~~~~~~~~~
compilation terminated.
configure:4656: $? = 1
configure: failed program was:
| /* confdefs.h */
| #define PACKAGE_NAME ""
| #define PACKAGE_TARNAME ""
| #define PACKAGE_VERSION ""
| #define PACKAGE_STRING ""
| #define PACKAGE_BUGREPORT ""
| #define PACKAGE_URL ""
| #define PACKAGE "dmrgcc"
| #define VERSION "1.0"
| /* end confdefs.h.  */
| #include <ac_nonexistent.h>
configure:4685: checking for grep that handles long lines and -e
configure:4743: result: /usr/bin/grep
configure:4748: checking for egrep
configure:4810: result: /usr/bin/grep -E
configure:4815: checking for ANSI C header files
configure:4835: gcc -c -g -O2  conftest.c >&5
configure:4835: $? = 0
configure:4908: gcc -o conftest -g -O2   conftest.c  >&5
configure:4908: $? = 0
configure:4908: ./conftest
configure:4908: $? = 0
configure:4919: result: yes
configure:4932: checking for sys/types.h
configure:4932: gcc -c -g -O2  conftest.c >&5
configure:4932: $? = 0
configure:4932: result: yes
configure:4932: checking for sys/stat.h
configure:4932: gcc -c -g -O2  conftest.c >&5
configure:4932: $? = 0
configure:4932: result: yes
configure:4932: checking for stdlib.h
configure:4932: gcc -c -g -O2  conftest.c >&5
configure:4932: $? = 0
configure:4932: result: yes
configure:4932: checking for string.h
configure:4932: gcc -c -g -O2  conftest.c >&5
configure:4932: $? = 0
configure:4932: result: yes
configure:4932: checking for memory.h
configure:4932: gcc -c -g -O2  conftest.c >&5
configure:4932: $? = 0
configure:4932: result: yes
configure:4932: checking for strings.h
configure:4932: gcc -c -g -O2  conftest.c >&5
configure:4932: $? = 0
configure:4932: result: yes
configure:4932: checking for inttypes.h
configure:4932: gcc -c -g -O2  conftest.c >&5
configure:4932: $? = 0
configure:4932: result: yes
configure:4932: checking for stdint.h
configure:4932: gcc -c -g -O2  conftest.c >&5
configure:4932: $? = 0
configure:4932: result: yes
configure:4932: checking for unistd.h
configure:4932: gcc -c -g -O2  conftest.c >&5
configure:4932: $? = 0
configure:4932: result: yes
configure:4946: checking sys/time.h usability
configure:4946: gcc -c -g -O2  conftest.c >&5
configure:4946: $? = 0
configure:4946: result: yes
configure:4946: checking sys/time.h presence
configure:4946: gcc -E  conftest.c
configure:4946: $? = 0
configure:4946: result: yes
configure:4946: checking for sys/time.h
configure:4946: result: yes
configure:4958: checking for inline
configure:4974: gcc -c -g -O2  conftest.c >&5
configure:4974: $? = 0
configure:4982: result: inline
configure:5039: checking whether we are using LAPACK
configure:5041: result: no
configure:5344: checking whether we are using MKL
configure:5346: result: yes
configure:5353: checking user-defined MKL libraries
configure:5355: result: /opt/intel/mkl/intel64
configure:5364: checking mkl.h usability
configure:5364: gcc -c -g -O2  conftest.c >&5
configure:5364: $? = 0
configure:5364: result: yes
configure:5364: checking mkl.h presence
configure:5364: gcc -E  conftest.c
configure:5364: $? = 0
configure:5364: result: yes
configure:5364: checking for mkl.h
configure:5364: result: yes
configure:5377: checking for cblas_dgemm in -lmkl_intel_lp64 -lmkl_intel_thread -lmkl_rt -lmkl_core -liomp5 -lpthread -lm
configure:5402: gcc -o conftest -g -O2   conftest.c -lmkl_intel_lp64 -lmkl_intel_thread -lmkl_rt -lmkl_core -liomp5 -lpthread -lm   >&5
configure:5402: $? = 0
configure:5412: result: yes
configure:5424: checking environment for CXXFLAGS
configure:5427: result: -g -O2
configure:5438: checking for error_at_line
configure:5454: gcc -o conftest -g -O2   conftest.c  >&5
configure:5454: $? = 0
configure:5462: result: yes
configure:5476: checking for gettimeofday
configure:5476: gcc -o conftest -g -O2   conftest.c  >&5
configure:5476: $? = 0
configure:5476: result: yes
configure:5476: checking for pow
configure:5476: gcc -o conftest -g -O2   conftest.c  >&5
conftest.c:47:6: warning: conflicting types for built-in function 'pow' [-Wbuiltin-declaration-mismatch]
 char pow ();
      ^~~
/tmp/ccr40Xqw.o: In function `main':
/home/chenjd/Code/GIT/dmrgcc/conftest.c:58: undefined reference to `pow'
collect2: error: ld returned 1 exit status
configure:5476: $? = 1
configure: failed program was:
| /* confdefs.h */
| #define PACKAGE_NAME ""
| #define PACKAGE_TARNAME ""
| #define PACKAGE_VERSION ""
| #define PACKAGE_STRING ""
| #define PACKAGE_BUGREPORT ""
| #define PACKAGE_URL ""
| #define PACKAGE "dmrgcc"
| #define VERSION "1.0"
| #define STDC_HEADERS 1
| #define HAVE_SYS_TYPES_H 1
| #define HAVE_SYS_STAT_H 1
| #define HAVE_STDLIB_H 1
| #define HAVE_STRING_H 1
| #define HAVE_MEMORY_H 1
| #define HAVE_STRINGS_H 1
| #define HAVE_INTTYPES_H 1
| #define HAVE_STDINT_H 1
| #define HAVE_UNISTD_H 1
| #define HAVE_SYS_TIME_H 1
| #define HAVE_MKL_H 1
| #define HAVE_GETTIMEOFDAY 1
| /* end confdefs.h.  */
| /* Define pow to an innocuous variant, in case <limits.h> declares pow.
|    For example, HP-UX 11i <limits.h> declares gettimeofday.  */
| #define pow innocuous_pow
| 
| /* System header to define __stub macros and hopefully few prototypes,
|     which can conflict with char pow (); below.
|     Prefer <limits.h> to <assert.h> if __STDC__ is defined, since
|     <limits.h> exists even on freestanding compilers.  */
| 
| #ifdef __STDC__
| # include <limits.h>
| #else
| # include <assert.h>
| #endif
| 
| #undef pow
| 
| /* Override any GCC internal prototype to avoid an error.
|    Use char because int might match the return type of a GCC
|    builtin and then its argument prototype would still apply.  */
| #ifdef __cplusplus
| extern "C"
| #endif
| char pow ();
| /* The GNU C library defines this for functions which it implements
|     to always fail with ENOSYS.  Some functions are actually named
|     something starting with __ and the normal name is an alias.  */
| #if defined __stub_pow || defined __stub___pow
| choke me
| #endif
| 
| int
| main ()
| {
| return pow ();
|   ;
|   return 0;
| }
configure:5476: result: no
configure:5476: checking for sqrt
configure:5476: gcc -o conftest -g -O2   conftest.c  >&5
conftest.c:47:6: warning: conflicting types for built-in function 'sqrt' [-Wbuiltin-declaration-mismatch]
 char sqrt ();
      ^~~~
/tmp/ccHzC0CC.o: In function `main':
/home/chenjd/Code/GIT/dmrgcc/conftest.c:58: undefined reference to `sqrt'
collect2: error: ld returned 1 exit status
configure:5476: $? = 1
configure: failed program was:
| /* confdefs.h */
| #define PACKAGE_NAME ""
| #define PACKAGE_TARNAME ""
| #define PACKAGE_VERSION ""
| #define PACKAGE_STRING ""
| #define PACKAGE_BUGREPORT ""
| #define PACKAGE_URL ""
| #define PACKAGE "dmrgcc"
| #define VERSION "1.0"
| #define STDC_HEADERS 1
| #define HAVE_SYS_TYPES_H 1
| #define HAVE_SYS_STAT_H 1
| #define HAVE_STDLIB_H 1
| #define HAVE_STRING_H 1
| #define HAVE_MEMORY_H 1
| #define HAVE_STRINGS_H 1
| #define HAVE_INTTYPES_H 1
| #define HAVE_STDINT_H 1
| #define HAVE_UNISTD_H 1
| #define HAVE_SYS_TIME_H 1
| #define HAVE_MKL_H 1
| #define HAVE_GETTIMEOFDAY 1
| /* end confdefs.h.  */
| /* Define sqrt to an innocuous variant, in case <limits.h> declares sqrt.
|    For example, HP-UX 11i <limits.h> declares gettimeofday.  */
| #define sqrt innocuous_sqrt
| 
| /* System header to define __stub macros and hopefully few prototypes,
|     which can conflict with char sqrt (); below.
|     Prefer <limits.h> to <assert.h> if __STDC__ is defined, since
|     <limits.h> exists even on freestanding compilers.  */
| 
| #ifdef __STDC__
| # include <limits.h>
| #else
| # include <assert.h>
| #endif
| 
| #undef sqrt
| 
| /* Override any GCC internal prototype to avoid an error.
|    Use char because int might match the return type of a GCC
|    builtin and then its argument prototype would still apply.  */
| #ifdef __cplusplus
| extern "C"
| #endif
| char sqrt ();
| /* The GNU C library defines this for functions which it implements
|     to always fail with ENOSYS.  Some functions are actually named
|     something starting with __ and the normal name is an alias.  */
| #if defined __stub_sqrt || defined __stub___sqrt
| choke me
| #endif
| 
| int
| main ()
| {
| return sqrt ();
|   ;
|   return 0;
| }
configure:5476: result: no
configure:5643: checking that generated files are newer than configure
configure:5649: result: done
configure:5676: creating ./config.status

## ---------------------- ##
## Running config.status. ##
## ---------------------- ##

This file was extended by config.status, which was
generated by GNU Autoconf 2.69.  Invocation command line was

  CONFIG_FILES    = 
  CONFIG_HEADERS  = 
  CONFIG_LINKS    = 
  CONFIG_COMMANDS = 
  $ ./config.status 

on localhost.localdomain

config.status:801: creating Makefile
config.status:801: creating model/Makefile
config.status:801: creating model/hamiltonian/Makefile
config.status:801: creating model/space/Makefile
config.status:801: creating src/Makefile
config.status:801: creating src/dmrg/Makefile
config.status:801: creating src/dmrg/complexdmrg/Makefile
config.status:801: creating src/dmrg/realdmrg/Makefile
config.status:801: creating src/tensor/Makefile
config.status:801: creating src/util/Makefile
config.status:801: creating test/Makefile
config.status:973: executing depfiles commands

## ---------------- ##
## Cache variables. ##
## ---------------- ##

ac_cv_c_compiler_gnu=yes
ac_cv_c_inline=inline
ac_cv_cxx_compiler_gnu=yes
ac_cv_env_CCC_set=
ac_cv_env_CCC_value=
ac_cv_env_CC_set=
ac_cv_env_CC_value=
ac_cv_env_CFLAGS_set=
ac_cv_env_CFLAGS_value=
ac_cv_env_CPPFLAGS_set=
ac_cv_env_CPPFLAGS_value=
ac_cv_env_CPP_set=
ac_cv_env_CPP_value=
ac_cv_env_CXXFLAGS_set=
ac_cv_env_CXXFLAGS_value=
ac_cv_env_CXX_set=
ac_cv_env_CXX_value=
ac_cv_env_F77_set=
ac_cv_env_F77_value=
ac_cv_env_FFLAGS_set=
ac_cv_env_FFLAGS_value=
ac_cv_env_LDFLAGS_set=
ac_cv_env_LDFLAGS_value=
ac_cv_env_LIBS_set=
ac_cv_env_LIBS_value=
ac_cv_env_build_alias_set=
ac_cv_env_build_alias_value=
ac_cv_env_host_alias_set=
ac_cv_env_host_alias_value=
ac_cv_env_target_alias_set=
ac_cv_env_target_alias_value=
ac_cv_func_gettimeofday=yes
ac_cv_func_pow=no
ac_cv_func_sqrt=no
ac_cv_header_inttypes_h=yes
ac_cv_header_memory_h=yes
ac_cv_header_mkl_h=yes
ac_cv_header_stdc=yes
ac_cv_header_stdint_h=yes
ac_cv_header_stdlib_h=yes
ac_cv_header_string_h=yes
ac_cv_header_strings_h=yes
ac_cv_header_sys_stat_h=yes
ac_cv_header_sys_time_h=yes
ac_cv_header_sys_types_h=yes
ac_cv_header_unistd_h=yes
ac_cv_lib_error_at_line=yes
ac_cv_lib_m_sin=yes
ac_cv_lib_mkl_intel_lp64__lmkl_intel_thread__lmkl_rt__lmkl_core__liomp5__lpthread__lm___cblas_dgemm=yes
ac_cv_lib_pthread_pthread_create=yes
ac_cv_objext=o
ac_cv_path_EGREP='/usr/bin/grep -E'
ac_cv_path_GREP=/usr/bin/grep
ac_cv_path_install='/usr/bin/install -c'
ac_cv_path_mkdir=/usr/bin/mkdir
ac_cv_prog_AWK=gawk
ac_cv_prog_CPP='gcc -E'
ac_cv_prog_ac_ct_CC=gcc
ac_cv_prog_ac_ct_CXX=g++
ac_cv_prog_ac_ct_RANLIB=ranlib
ac_cv_prog_cc_c89=
ac_cv_prog_cc_g=yes
ac_cv_prog_cxx_g=yes
ac_cv_prog_make_make_set=yes
am_cv_CC_dependencies_compiler_type=gcc3
am_cv_CXX_dependencies_compiler_type=gcc3
am_cv_make_support_nested_variables=yes
am_cv_prog_cc_c_o=yes

## ----------------- ##
## Output variables. ##
## ----------------- ##

ACLOCAL='${SHELL} /home/chenjd/Code/GIT/dmrgcc/missing aclocal-1.15'
AMDEPBACKSLASH='\'
AMDEP_FALSE='#'
AMDEP_TRUE=''
AMTAR='$${TAR-tar}'
AM_BACKSLASH='\'
AM_DEFAULT_V='$(AM_DEFAULT_VERBOSITY)'
AM_DEFAULT_VERBOSITY='1'
AM_V='$(V)'
AUTOCONF='${SHELL} /home/chenjd/Code/GIT/dmrgcc/missing autoconf'
AUTOHEADER='${SHELL} /home/chenjd/Code/GIT/dmrgcc/missing autoheader'
AUTOMAKE='${SHELL} /home/chenjd/Code/GIT/dmrgcc/missing automake-1.15'
AWK='gawk'
BLAS_LIBS=''
CC='gcc'
CCDEPMODE='depmode=gcc3'
CFLAGS='-g -O2'
CPP='gcc -E'
CPPFLAGS=''
CXX='g++'
CXXDEPMODE='depmode=gcc3'
CXXFLAGS='-g -O2'
CYGPATH_W='echo'
DEFS='-DPACKAGE_NAME=\"\" -DPACKAGE_TARNAME=\"\" -DPACKAGE_VERSION=\"\" -DPACKAGE_STRING=\"\" -DPACKAGE_BUGREPORT=\"\" -DPACKAGE_URL=\"\" -DPACKAGE=\"dmrgcc\" -DVERSION=\"1.0\" -DSTDC_HEADERS=1 -DHAVE_SYS_TYPES_H=1 -DHAVE_SYS_STAT_H=1 -DHAVE_STDLIB_H=1 -DHAVE_STRING_H=1 -DHAVE_MEMORY_H=1 -DHAVE_STRINGS_H=1 -DHAVE_INTTYPES_H=1 -DHAVE_STDINT_H=1 -DHAVE_UNISTD_H=1 -DHAVE_SYS_TIME_H=1 -DHAVE_MKL_H=1 -DHAVE_GETTIMEOFDAY=1'
DEPDIR='.deps'
ECHO_C=''
ECHO_N='-n'
ECHO_T=''
EGREP='/usr/bin/grep -E'
EXEEXT=''
F77=''
FFLAGS=''
GREP='/usr/bin/grep'
INCLUDES='-I$(top_srcdir)/src -I$(top_srcdir)/include -I$(top_srcdir)'
INSTALL_DATA='${INSTALL} -m 644'
INSTALL_PROGRAM='${INSTALL}'
INSTALL_SCRIPT='${INSTALL}'
INSTALL_STRIP_PROGRAM='$(install_sh) -c -s'
LAPACK_LIBS=''
LDFLAGS=''
LIBOBJS=''
LIBS=''
LTLIBOBJS=''
MAKEINFO='${SHELL} /home/chenjd/Code/GIT/dmrgcc/missing makeinfo'
MKDIR_P='/usr/bin/mkdir -p'
MKL_LIBS='-L/opt/intel/mkl/intel64 -lmkl_intel_lp64 -lmkl_intel_thread                  -lmkl_rt -lmkl_core -liomp5 -lpthread'
OBJEXT='o'
PACKAGE='dmrgcc'
PACKAGE_BUGREPORT=''
PACKAGE_NAME=''
PACKAGE_STRING=''
PACKAGE_TARNAME=''
PACKAGE_URL=''
PACKAGE_VERSION=''
PATH_SEPARATOR=':'
RANLIB='ranlib'
SET_MAKE=''
SHELL='/bin/sh'
SRCDIR='$(top_srcdir)/src'
STRIP=''
VERSION='1.0'
ac_ct_CC='gcc'
ac_ct_CXX='g++'
ac_ct_F77=''
am__EXEEXT_FALSE=''
am__EXEEXT_TRUE='#'
am__fastdepCC_FALSE='#'
am__fastdepCC_TRUE=''
am__fastdepCXX_FALSE='#'
am__fastdepCXX_TRUE=''
am__include='include'
am__isrc=''
am__leading_dot='.'
am__nodep='_no'
am__quote=''
am__tar='$${TAR-tar} chof - "$$tardir"'
am__untar='$${TAR-tar} xf -'
bindir='${exec_prefix}/bin'
build_alias=''
datadir='${datarootdir}'
datarootdir='${prefix}/share'
docdir='${datarootdir}/doc/${PACKAGE}'
dvidir='${docdir}'
exec_prefix='${prefix}'
host_alias=''
htmldir='${docdir}'
includedir='${prefix}/include'
infodir='${datarootdir}/info'
install_sh='${SHELL} /home/chenjd/Code/GIT/dmrgcc/install-sh'
libdir='${exec_prefix}/lib'
libexecdir='${exec_prefix}/libexec'
localedir='${datarootdir}/locale'
localstatedir='${prefix}/var'
mandir='${datarootdir}/man'
mkdir_p='$(MKDIR_P)'
oldincludedir='/usr/include'
pdfdir='${docdir}'
prefix='/home/chenjd/Code/GIT/dmrgcc'
program_transform_name='s,x,x,'
psdir='${docdir}'
sbindir='${exec_prefix}/sbin'
sharedstatedir='${prefix}/com'
sysconfdir='${prefix}/etc'
target_alias=''

## ----------- ##
## confdefs.h. ##
## ----------- ##

/* confdefs.h */
#define PACKAGE_NAME ""
#define PACKAGE_TARNAME ""
#define PACKAGE_VERSION ""
#define PACKAGE_STRING ""
#define PACKAGE_BUGREPORT ""
#define PACKAGE_URL ""
#define PACKAGE "dmrgcc"
#define VERSION "1.0"
#define STDC_HEADERS 1
#define HAVE_SYS_TYPES_H 1
#define HAVE_SYS_STAT_H 1
#define HAVE_STDLIB_H 1
#define HAVE_STRING_H 1
#define HAVE_MEMORY_H 1
#define HAVE_STRINGS_H 1
#define HAVE_INTTYPES_H 1
#define HAVE_STDINT_H 1
#define HAVE_UNISTD_H 1
#define HAVE_SYS_TIME_H 1
#define HAVE_MKL_H 1
#define HAVE_GETTIMEOFDAY 1

configure: exit 0
